Determining if the pthread_create exist failed with the following output:
Change Dir: /home/bob/cpp_otus/projects/otus_cpp_09/build/CMakeFiles/CMakeTmp

Run Build Command:"/usr/bin/make" "cmTC_90592/fast"
/usr/bin/make -f CMakeFiles/cmTC_90592.dir/build.make CMakeFiles/cmTC_90592.dir/build
make[1]: вход в каталог «/home/bob/cpp_otus/projects/otus_cpp_09/build/CMakeFiles/CMakeTmp»
Building C object CMakeFiles/cmTC_90592.dir/CheckSymbolExists.c.o
/usr/bin/cc    -o CMakeFiles/cmTC_90592.dir/CheckSymbolExists.c.o   -c /home/bob/cpp_otus/projects/otus_cpp_09/build/CMakeFiles/CMakeTmp/CheckSymbolExists.c
Linking C executable cmTC_90592
/usr/local/bin/cmake -E cmake_link_script CMakeFiles/cmTC_90592.dir/link.txt --verbose=1
/usr/bin/cc      CMakeFiles/cmTC_90592.dir/CheckSymbolExists.c.o  -o cmTC_90592 
CMakeFiles/cmTC_90592.dir/CheckSymbolExists.c.o: In function `main':
CheckSymbolExists.c:(.text+0x1b): undefined reference to `pthread_create'
collect2: error: ld returned 1 exit status
CMakeFiles/cmTC_90592.dir/build.make:86: recipe for target 'cmTC_90592' failed
make[1]: *** [cmTC_90592] Error 1
make[1]: выход из каталога «/home/bob/cpp_otus/projects/otus_cpp_09/build/CMakeFiles/CMakeTmp»
Makefile:121: recipe for target 'cmTC_90592/fast' failed
make: *** [cmTC_90592/fast] Error 2

File /home/bob/cpp_otus/projects/otus_cpp_09/build/CMakeFiles/CMakeTmp/CheckSymbolExists.c:
/* */
#include <pthread.h>

int main(int argc, char** argv)
{
  (void)argv;
#ifndef pthread_create
  return ((int*)(&pthread_create))[argc];
#else
  (void)argc;
  return 0;
#endif
}

Determining if the function pthread_create exists in the pthreads failed with the following output:
Change Dir: /home/bob/cpp_otus/projects/otus_cpp_09/build/CMakeFiles/CMakeTmp

Run Build Command:"/usr/bin/make" "cmTC_3355a/fast"
/usr/bin/make -f CMakeFiles/cmTC_3355a.dir/build.make CMakeFiles/cmTC_3355a.dir/build
make[1]: вход в каталог «/home/bob/cpp_otus/projects/otus_cpp_09/build/CMakeFiles/CMakeTmp»
Building C object CMakeFiles/cmTC_3355a.dir/CheckFunctionExists.c.o
/usr/bin/cc   -DCHECK_FUNCTION_EXISTS=pthread_create   -o CMakeFiles/cmTC_3355a.dir/CheckFunctionExists.c.o   -c /usr/local/share/cmake-3.12/Modules/CheckFunctionExists.c
Linking C executable cmTC_3355a
/usr/local/bin/cmake -E cmake_link_script CMakeFiles/cmTC_3355a.dir/link.txt --verbose=1
/usr/bin/cc  -DCHECK_FUNCTION_EXISTS=pthread_create    CMakeFiles/cmTC_3355a.dir/CheckFunctionExists.c.o  -o cmTC_3355a -lpthreads 
/usr/bin/ld: cannot find -lpthreads
collect2: error: ld returned 1 exit status
CMakeFiles/cmTC_3355a.dir/build.make:86: recipe for target 'cmTC_3355a' failed
make[1]: *** [cmTC_3355a] Error 1
make[1]: выход из каталога «/home/bob/cpp_otus/projects/otus_cpp_09/build/CMakeFiles/CMakeTmp»
Makefile:121: recipe for target 'cmTC_3355a/fast' failed
make: *** [cmTC_3355a/fast] Error 2


